[16:51:49] [main/INFO]: Environment: authHost='https://authserver.mojang.com', accountsHost='https://api.mojang.com', sessionHost='https://sessionserver.mojang.com', servicesHost='https://api.minecraftservices.com', name='PROD'
[16:51:51] [main/WARN]: Ambiguity between arguments [teleport, destination] and [teleport, targets] with inputs: [Player, 0123, @e, dd12be42-52a9-4a91-a8a1-11c01849e498]
[16:51:51] [main/WARN]: Ambiguity between arguments [teleport, location] and [teleport, destination] with inputs: [0.1 -0.5 .9, 0 0 0]
[16:51:51] [main/WARN]: Ambiguity between arguments [teleport, location] and [teleport, targets] with inputs: [0.1 -0.5 .9, 0 0 0]
[16:51:51] [main/WARN]: Ambiguity between arguments [teleport, targets] and [teleport, destination] with inputs: [Player, 0123, dd12be42-52a9-4a91-a8a1-11c01849e498]
[16:51:51] [main/WARN]: Ambiguity between arguments [teleport, targets, location] and [teleport, targets, destination] with inputs: [0.1 -0.5 .9, 0 0 0]
[16:51:51] [main/INFO]: Reloading ResourceManager: Default
[16:51:52] [Worker-Main-12/INFO]: Loaded 7 recipes
[16:51:52] [Worker-Main-12/INFO]: Loaded 927 advancements
[16:51:55] [Server thread/INFO]: Starting minecraft server version 1.16.4
[16:51:55] [Server thread/INFO]: Loading properties
[16:51:55] [Server thread/INFO]: Default game type: SURVIVAL
[16:51:55] [Server thread/INFO]: Generating keypair
[16:51:55] [Server console handler/ERROR]: Exception handling console input
java.io.IOException: The handle is invalid
	at java.io.FileInputStream.readBytes(Native Method) ~[?:1.8.0_181]
	at java.io.FileInputStream.read(Unknown Source) ~[?:1.8.0_181]
	at java.io.BufferedInputStream.read1(Unknown Source) ~[?:1.8.0_181]
	at java.io.BufferedInputStream.read(Unknown Source) ~[?:1.8.0_181]
	at sun.nio.cs.StreamDecoder.readBytes(Unknown Source) ~[?:1.8.0_181]
	at sun.nio.cs.StreamDecoder.implRead(Unknown Source) ~[?:1.8.0_181]
	at sun.nio.cs.StreamDecoder.read(Unknown Source) ~[?:1.8.0_181]
	at java.io.InputStreamReader.read(Unknown Source) ~[?:1.8.0_181]
	at java.io.BufferedReader.fill(Unknown Source) ~[?:1.8.0_181]
	at java.io.BufferedReader.readLine(Unknown Source) ~[?:1.8.0_181]
	at java.io.BufferedReader.readLine(Unknown Source) ~[?:1.8.0_181]
	at zg$1.run(SourceFile:95) [minecraft_server.1.16.4.jar:?]
[16:51:56] [Server thread/INFO]: Starting Minecraft server on *:25565
[16:51:56] [Server thread/INFO]: Using default channel type
[16:51:57] [Server thread/WARN]: **** SERVER IS RUNNING IN OFFLINE/INSECURE MODE!
[16:51:57] [Server thread/WARN]: The server will make no attempt to authenticate usernames. Beware.
[16:51:57] [Server thread/WARN]: While this makes the game possible to play without internet access, it also opens up the ability for hackers to connect with any username they choose.
[16:51:57] [Server thread/WARN]: To change this, set "online-mode" to "true" in the server.properties file.
[16:51:57] [Server thread/INFO]: Preparing level "world"
[16:51:57] [Server thread/INFO]: Preparing start region for dimension minecraft:overworld
[16:51:58] [Server thread/INFO]: Preparing spawn area: 0%
[16:51:58] [Server thread/INFO]: Preparing spawn area: 0%
[16:51:58] [Server thread/INFO]: Preparing spawn area: 0%
[16:51:59] [Server thread/INFO]: Preparing spawn area: 0%
[16:52:04] [Worker-Main-9/INFO]: Preparing spawn area: 83%
[16:52:04] [Worker-Main-10/INFO]: Preparing spawn area: 83%
[16:52:04] [Worker-Main-14/INFO]: Preparing spawn area: 83%
[16:52:04] [Worker-Main-10/INFO]: Preparing spawn area: 83%
[16:52:04] [Worker-Main-14/INFO]: Preparing spawn area: 83%
[16:52:04] [Worker-Main-10/INFO]: Preparing spawn area: 83%
[16:52:04] [Worker-Main-9/INFO]: Preparing spawn area: 83%
[16:52:04] [Worker-Main-10/INFO]: Preparing spawn area: 83%
[16:52:04] [Worker-Main-14/INFO]: Preparing spawn area: 83%
[16:52:04] [Worker-Main-9/INFO]: Preparing spawn area: 83%
[16:52:04] [Worker-Main-9/INFO]: Preparing spawn area: 83%
[16:52:04] [Worker-Main-10/INFO]: Preparing spawn area: 95%
[16:52:05] [Worker-Main-10/INFO]: Preparing spawn area: 95%
[16:52:05] [Worker-Main-11/INFO]: Preparing spawn area: 95%
[16:52:06] [Worker-Main-11/INFO]: Preparing spawn area: 96%
[16:52:06] [Server thread/INFO]: Time elapsed: 9373 ms
[16:52:06] [Server thread/INFO]: Done (9.482s)! For help, type "help"
[16:52:29] [Server thread/INFO]: Speedrunner[/127.0.0.1:51539] logged in with entity id 220 at (167.2187012393316, 66.0, -207.38394611341047)
[16:52:29] [Server thread/INFO]: Speedrunner joined the game
[16:52:32] [Server thread/INFO]: Speedrunner lost connection: Disconnected
[16:52:32] [Server thread/INFO]: Speedrunner left the game
[16:52:39] [Server thread/INFO]: Speedrunner[/127.0.0.1:51563] logged in with entity id 221 at (167.2187012393316, 66.0, -207.38394611341047)
[16:52:39] [Server thread/INFO]: Speedrunner joined the game
[16:52:48] [Server thread/INFO]: Ghosin[/127.0.0.1:51748] logged in with entity id 237 at (180.5, 66.0, -215.5)
[16:52:48] [Server thread/INFO]: Ghosin joined the game
